
FAILURE: Build failed with an exception.

* Where:
Build file 'D:\OtherProject\mine\crypto\bitcoin-kmp\build.gradle.kts' line: 82

* What went wrong:
Project with path ':modules:secp256k1-kmp' could not be found in root project 'bitcoin-kmp'.

* Try:
> Run with --stacktrace option to get the stack trace.
> Run with --info or --debug option to get more log output.
> Run with --scan to get full insights.
> Get more help at https://help.gradle.org.

BUILD FAILED in 1s
